0 info it worked if it ends with ok
1 verbose cli [ 'C:\\Program Files\\nodejs\\\\node.exe',
1 verbose cli   'C:\\Program Files\\nodejs\\node_modules\\npm\\bin\\npm-cli.js',
1 verbose cli   'install',
1 verbose cli   'imagein' ]
2 info using npm@1.3.8
3 info using node@v0.10.18
4 verbose node symlink C:\Program Files\nodejs\\node.exe
5 verbose readDependencies using package.json deps
6 verbose cache add [ 'imagein', null ]
7 verbose cache add name=undefined spec="imagein" args=["imagein",null]
8 verbose parsed url { protocol: null,
8 verbose parsed url   slashes: null,
8 verbose parsed url   auth: null,
8 verbose parsed url   host: null,
8 verbose parsed url   port: null,
8 verbose parsed url   hostname: null,
8 verbose parsed url   hash: null,
8 verbose parsed url   search: null,
8 verbose parsed url   query: null,
8 verbose parsed url   pathname: 'imagein',
8 verbose parsed url   path: 'imagein',
8 verbose parsed url   href: 'imagein' }
9 silly lockFile 45a4b299-imagein imagein
10 verbose lock imagein C:\Users\nmir\AppData\Roaming\npm-cache\45a4b299-imagein.lock
11 silly lockFile 45a4b299-imagein imagein
12 silly lockFile 45a4b299-imagein imagein
13 verbose addNamed [ 'imagein', '' ]
14 verbose addNamed [ null, '*' ]
15 silly lockFile 9f1ad86d-imagein imagein@
16 verbose lock imagein@ C:\Users\nmir\AppData\Roaming\npm-cache\9f1ad86d-imagein.lock
17 silly addNameRange { name: 'imagein', range: '*', hasData: false }
18 verbose url raw imagein
19 verbose url resolving [ 'https://registry.npmjs.org/', './imagein' ]
20 verbose url resolved https://registry.npmjs.org/imagein
21 info trying registry request attempt 1 at 17:11:12
22 http GET https://registry.npmjs.org/imagein
23 http 404 https://registry.npmjs.org/imagein
24 silly registry.get cb [ 404,
24 silly registry.get   { server: 'CouchDB/1.3.1 (Erlang OTP/R15B03)',
24 silly registry.get     date: 'Fri, 08 Nov 2013 17:11:14 GMT',
24 silly registry.get     'content-type': 'application/json',
24 silly registry.get     'content-length': '52',
24 silly registry.get     'cache-control': 'must-revalidate' } ]
25 silly lockFile 9f1ad86d-imagein imagein@
26 silly lockFile 9f1ad86d-imagein imagein@
27 error 404 'imagein' is not in the npm registry.
27 error 404 You should bug the author to publish it
27 error 404
27 error 404 Note that you can also install from a
27 error 404 tarball, folder, or http url, or git url.
28 error System Windows_NT 6.1.7600
29 error command "C:\\Program Files\\nodejs\\\\node.exe" "C:\\Program Files\\nodejs\\node_modules\\npm\\bin\\npm-cli.js" "install" "imagein"
30 error cwd C:\Users\nmir\Dropbox\Writing\Blog\abijango.github.io
31 error node -v v0.10.18
32 error npm -v 1.3.8
33 error code E404
34 verbose exit [ 1, true ]
